[dotenv@17.2.3] injecting env (0) from .env -- tip: ✅ audit secrets and track compliance: https://dotenvx.com/ops
node:internal/modules/cjs/loader:1228
  throw err;
  ^

Error: Cannot find module 'express-async-handler'
Require stack:
- C:\Users\user\Downloads\Resume\resume_1 (2)\resume_1\backend\controllers\authController.js
- C:\Users\user\Downloads\Resume\resume_1 (2)\resume_1\backend\routes\authRoutes.js
- C:\Users\user\Downloads\Resume\resume_1 (2)\resume_1\backend\server.js
    at Module._resolveFilename (node:internal/modules/cjs/loader:1225:15)
    at Module._load (node:internal/modules/cjs/loader:1051:27)
    at Module.require (node:internal/modules/cjs/loader:1311:19)
    at require (node:internal/modules/helpers:179:18)
    at Object.<anonymous> (C:\Users\user\Downloads\Resume\resume_1 (2)\resume_1\backend\controllers\authController.js:3:22)
    at Module._compile (node:internal/modules/cjs/loader:1469:14)
    at Module._extensions..js (node:internal/modules/cjs/loader:1548:10)
    at Module.load (node:internal/modules/cjs/loader:1288:32)
    at Module._load (node:internal/modules/cjs/loader:1104:12)
    at Module.require (node:internal/modules/cjs/loader:1311:19) {
  code: 'MODULE_NOT_FOUND',
  requireStack: [
    'C:\\Users\\user\\Downloads\\Resume\\resume_1 (2)\\resume_1\\backend\\controllers\\authController.js',
    'C:\\Users\\user\\Downloads\\Resume\\resume_1 (2)\\resume_1\\backend\\routes\\authRoutes.js',
    'C:\\Users\\user\\Downloads\\Resume\\resume_1 (2)\\resume_1\\backend\\server.js'
  ]
}

Node.js v20.18.0
